INFO - 2023-08-19 05:51:22 --> Session: Class initialized using 'CodeIgniter\Session\Handlers\FileHandler' driver.
INFO - 2023-08-19 05:51:24 --> Session: Class initialized using 'CodeIgniter\Session\Handlers\FileHandler' driver.
INFO - 2023-08-19 05:51:29 --> Session: Class initialized using 'CodeIgniter\Session\Handlers\FileHandler' driver.
INFO - 2023-08-19 05:51:30 --> Session: Class initialized using 'CodeIgniter\Session\Handlers\FileHandler' driver.
INFO - 2023-08-19 05:51:38 --> Session: Class initialized using 'CodeIgniter\Session\Handlers\FileHandler' driver.
INFO - 2023-08-19 05:51:38 --> Session: Class initialized using 'CodeIgniter\Session\Handlers\FileHandler' driver.
INFO - 2023-08-19 05:51:40 --> Session: Class initialized using 'CodeIgniter\Session\Handlers\FileHandler' driver.
INFO - 2023-08-19 05:51:44 --> Session: Class initialized using 'CodeIgniter\Session\Handlers\FileHandler' driver.
INFO - 2023-08-19 05:51:46 --> Session: Class initialized using 'CodeIgniter\Session\Handlers\FileHandler' driver.
INFO - 2023-08-19 05:51:46 --> Session: Class initialized using 'CodeIgniter\Session\Handlers\FileHandler' driver.
INFO - 2023-08-19 05:51:47 --> Session: Class initialized using 'CodeIgniter\Session\Handlers\FileHandler' driver.
INFO - 2023-08-19 05:51:59 --> Session: Class initialized using 'CodeIgniter\Session\Handlers\FileHandler' driver.
INFO - 2023-08-19 05:52:00 --> Session: Class initialized using 'CodeIgniter\Session\Handlers\FileHandler' driver.
INFO - 2023-08-19 05:54:06 --> Session: Class initialized using 'CodeIgniter\Session\Handlers\FileHandler' driver.
INFO - 2023-08-19 05:54:07 --> Session: Class initialized using 'CodeIgniter\Session\Handlers\FileHandler' driver.
INFO - 2023-08-19 05:54:09 --> Session: Class initialized using 'CodeIgniter\Session\Handlers\FileHandler' driver.
INFO - 2023-08-19 05:55:45 --> Session: Class initialized using 'CodeIgniter\Session\Handlers\FileHandler' driver.
INFO - 2023-08-19 05:55:50 --> Session: Class initialized using 'CodeIgniter\Session\Handlers\FileHandler' driver.
INFO - 2023-08-19 06:05:53 --> Session: Class initialized using 'CodeIgniter\Session\Handlers\FileHandler' driver.
INFO - 2023-08-19 06:05:54 --> Session: Class initialized using 'CodeIgniter\Session\Handlers\FileHandler' driver.
INFO - 2023-08-19 06:05:56 --> Session: Class initialized using 'CodeIgniter\Session\Handlers\FileHandler' driver.
INFO - 2023-08-19 06:05:59 --> Session: Class initialized using 'CodeIgniter\Session\Handlers\FileHandler' driver.
INFO - 2023-08-19 06:05:59 --> Session: Class initialized using 'CodeIgniter\Session\Handlers\FileHandler' driver.
INFO - 2023-08-19 06:08:51 --> Session: Class initialized using 'CodeIgniter\Session\Handlers\FileHandler' driver.
INFO - 2023-08-19 06:08:53 --> Session: Class initialized using 'CodeIgniter\Session\Handlers\FileHandler' driver.
INFO - 2023-08-19 06:08:55 --> Session: Class initialized using 'CodeIgniter\Session\Handlers\FileHandler' driver.
INFO - 2023-08-19 06:08:56 --> Session: Class initialized using 'CodeIgniter\Session\Handlers\FileHandler' driver.
INFO - 2023-08-19 06:09:01 --> Session: Class initialized using 'CodeIgniter\Session\Handlers\FileHandler' driver.
INFO - 2023-08-19 06:09:05 --> Session: Class initialized using 'CodeIgniter\Session\Handlers\FileHandler' driver.
INFO - 2023-08-19 06:13:05 --> Session: Class initialized using 'CodeIgniter\Session\Handlers\FileHandler' driver.
INFO - 2023-08-19 06:13:06 --> Session: Class initialized using 'CodeIgniter\Session\Handlers\FileHandler' driver.
INFO - 2023-08-19 06:13:07 --> Session: Class initialized using 'CodeIgniter\Session\Handlers\FileHandler' driver.
INFO - 2023-08-19 06:13:12 --> Session: Class initialized using 'CodeIgniter\Session\Handlers\FileHandler' driver.
INFO - 2023-08-19 06:13:15 --> Session: Class initialized using 'CodeIgniter\Session\Handlers\FileHandler' driver.
INFO - 2023-08-19 06:15:51 --> Session: Class initialized using 'CodeIgniter\Session\Handlers\FileHandler' driver.
INFO - 2023-08-19 06:15:52 --> Session: Class initialized using 'CodeIgniter\Session\Handlers\FileHandler' driver.
INFO - 2023-08-19 06:15:53 --> Session: Class initialized using 'CodeIgniter\Session\Handlers\FileHandler' driver.
INFO - 2023-08-19 06:15:54 --> Session: Class initialized using 'CodeIgniter\Session\Handlers\FileHandler' driver.
INFO - 2023-08-19 06:16:00 --> Session: Class initialized using 'CodeIgniter\Session\Handlers\FileHandler' driver.
INFO - 2023-08-19 06:16:00 --> Session: Class initialized using 'CodeIgniter\Session\Handlers\FileHandler' driver.
INFO - 2023-08-19 06:16:07 --> Session: Class initialized using 'CodeIgniter\Session\Handlers\FileHandler' driver.
INFO - 2023-08-19 06:16:07 --> Session: Class initialized using 'CodeIgniter\Session\Handlers\FileHandler' driver.
INFO - 2023-08-19 06:38:30 --> Session: Class initialized using 'CodeIgniter\Session\Handlers\FileHandler' driver.
INFO - 2023-08-19 06:38:33 --> Session: Class initialized using 'CodeIgniter\Session\Handlers\FileHandler' driver.
INFO - 2023-08-19 06:39:35 --> Session: Class initialized using 'CodeIgniter\Session\Handlers\FileHandler' driver.
INFO - 2023-08-19 06:39:39 --> Session: Class initialized using 'CodeIgniter\Session\Handlers\FileHandler' driver.
INFO - 2023-08-19 06:39:46 --> Session: Class initialized using 'CodeIgniter\Session\Handlers\FileHandler' driver.
INFO - 2023-08-19 06:39:47 --> Session: Class initialized using 'CodeIgniter\Session\Handlers\FileHandler' driver.
INFO - 2023-08-19 06:40:06 --> Session: Class initialized using 'CodeIgniter\Session\Handlers\FileHandler' driver.
INFO - 2023-08-19 06:40:17 --> Session: Class initialized using 'CodeIgniter\Session\Handlers\FileHandler' driver.
INFO - 2023-08-19 06:40:22 --> Session: Class initialized using 'CodeIgniter\Session\Handlers\FileHandler' driver.
INFO - 2023-08-19 06:40:23 --> Session: Class initialized using 'CodeIgniter\Session\Handlers\FileHandler' driver.
INFO - 2023-08-19 06:40:24 --> Session: Class initialized using 'CodeIgniter\Session\Handlers\FileHandler' driver.
INFO - 2023-08-19 06:40:25 --> Session: Class initialized using 'CodeIgniter\Session\Handlers\FileHandler' driver.
INFO - 2023-08-19 06:40:31 --> Session: Class initialized using 'CodeIgniter\Session\Handlers\FileHandler' driver.
INFO - 2023-08-19 06:52:45 --> Session: Class initialized using 'CodeIgniter\Session\Handlers\FileHandler' driver.
INFO - 2023-08-19 06:52:47 --> Session: Class initialized using 'CodeIgniter\Session\Handlers\FileHandler' driver.
CRITICAL - 2023-08-19 06:52:48 --> Undefined variable $logpinjamkembali
in APPPATH\Views\logpinjamkembali\index.php on line 38.
 1 APPPATH\Views\logpinjamkembali\index.php(38): CodeIgniter\Debug\Exceptions->errorHandler(2, 'Undefined variable $logpinjamkembali', 'D:\\xampp\\htdocs\\CI\\app\\Views\\logpinjamkembali\\index.php', 38)
 2 SYSTEMPATH\View\View.php(213): include('D:\\xampp\\htdocs\\CI\\app\\Views\\logpinjamkembali\\index.php')
 3 SYSTEMPATH\View\View.php(216): CodeIgniter\View\View->CodeIgniter\View\{closure}()
 4 SYSTEMPATH\Common.php(1184): CodeIgniter\View\View->render('logpinjamkembali/index', [], true)
 5 APPPATH\Controllers\Logpinjamkembali.php(18): view('logpinjamkembali/index', [...])
 6 SYSTEMPATH\CodeIgniter.php(934): App\Controllers\LogPinjamKembali->index()
 7 SYSTEMPATH\CodeIgniter.php(499): CodeIgniter\CodeIgniter->runController(Object(App\Controllers\LogPinjamKembali))
 8 SYSTEMPATH\CodeIgniter.php(368): CodeIgniter\CodeIgniter->handleRequest(null, Object(Config\Cache), false)
 9 FCPATH\index.php(67): CodeIgniter\CodeIgniter->run()
10 SYSTEMPATH\Commands\Server\rewrite.php(47): require_once('D:\\xampp\\htdocs\\CI\\public\\index.php')
CRITICAL - 2023-08-19 07:26:50 --> Declaration of App\Models\LogPinjamKembaliModel::save($data = null, bool $validate = true) must be compatible with CodeIgniter\BaseModel::save($data): bool
in APPPATH\Models\logpinjamkembaliModel.php on line 13.
 1 [internal function]: CodeIgniter\Debug\Exceptions->shutdownHandler()
CRITICAL - 2023-08-19 07:27:04 --> Declaration of App\Models\LogPinjamKembaliModel::save($data = null, bool $validate = true) must be compatible with CodeIgniter\BaseModel::save($data): bool
in APPPATH\Models\logpinjamkembaliModel.php on line 13.
 1 [internal function]: CodeIgniter\Debug\Exceptions->shutdownHandler()
CRITICAL - 2023-08-19 07:27:05 --> Declaration of App\Models\LogPinjamKembaliModel::save($data = null, bool $validate = true) must be compatible with CodeIgniter\BaseModel::save($data): bool
in APPPATH\Models\logpinjamkembaliModel.php on line 13.
 1 [internal function]: CodeIgniter\Debug\Exceptions->shutdownHandler()
INFO - 2023-08-19 07:27:14 --> Session: Class initialized using 'CodeIgniter\Session\Handlers\FileHandler' driver.
CRITICAL - 2023-08-19 07:27:14 --> Call to undefined method App\Models\LogPinjamKembaliModel::getLogPinjamKembali
in SYSTEMPATH\Model.php on line 842.
 1 APPPATH\Controllers\Logpinjamkembali.php(37): CodeIgniter\Model->__call('getLogPinjamKembali', [])
 2 SYSTEMPATH\CodeIgniter.php(934): App\Controllers\LogpinjamKembali->index()
 3 SYSTEMPATH\CodeIgniter.php(499): CodeIgniter\CodeIgniter->runController(Object(App\Controllers\LogpinjamKembali))
 4 SYSTEMPATH\CodeIgniter.php(368): CodeIgniter\CodeIgniter->handleRequest(null, Object(Config\Cache), false)
 5 FCPATH\index.php(67): CodeIgniter\CodeIgniter->run()
 6 SYSTEMPATH\Commands\Server\rewrite.php(47): require_once('D:\\xampp\\htdocs\\CI\\public\\index.php')
INFO - 2023-08-19 07:27:16 --> Session: Class initialized using 'CodeIgniter\Session\Handlers\FileHandler' driver.
CRITICAL - 2023-08-19 07:27:16 --> Call to undefined method App\Models\LogPinjamKembaliModel::getLogPinjamKembali
in SYSTEMPATH\Model.php on line 842.
 1 APPPATH\Controllers\Logpinjamkembali.php(37): CodeIgniter\Model->__call('getLogPinjamKembali', [])
 2 SYSTEMPATH\CodeIgniter.php(934): App\Controllers\LogpinjamKembali->index()
 3 SYSTEMPATH\CodeIgniter.php(499): CodeIgniter\CodeIgniter->runController(Object(App\Controllers\LogpinjamKembali))
 4 SYSTEMPATH\CodeIgniter.php(368): CodeIgniter\CodeIgniter->handleRequest(null, Object(Config\Cache), false)
 5 FCPATH\index.php(67): CodeIgniter\CodeIgniter->run()
 6 SYSTEMPATH\Commands\Server\rewrite.php(47): require_once('D:\\xampp\\htdocs\\CI\\public\\index.php')
INFO - 2023-08-19 07:28:02 --> Session: Class initialized using 'CodeIgniter\Session\Handlers\FileHandler' driver.
INFO - 2023-08-19 07:28:06 --> Session: Class initialized using 'CodeIgniter\Session\Handlers\FileHandler' driver.
INFO - 2023-08-19 07:28:11 --> Session: Class initialized using 'CodeIgniter\Session\Handlers\FileHandler' driver.
INFO - 2023-08-19 07:28:14 --> Session: Class initialized using 'CodeIgniter\Session\Handlers\FileHandler' driver.
INFO - 2023-08-19 07:28:20 --> Session: Class initialized using 'CodeIgniter\Session\Handlers\FileHandler' driver.
INFO - 2023-08-19 07:28:22 --> Session: Class initialized using 'CodeIgniter\Session\Handlers\FileHandler' driver.
INFO - 2023-08-19 07:28:23 --> Session: Class initialized using 'CodeIgniter\Session\Handlers\FileHandler' driver.
INFO - 2023-08-19 07:28:23 --> Session: Class initialized using 'CodeIgniter\Session\Handlers\FileHandler' driver.
INFO - 2023-08-19 07:28:24 --> Session: Class initialized using 'CodeIgniter\Session\Handlers\FileHandler' driver.
INFO - 2023-08-19 07:28:24 --> Session: Class initialized using 'CodeIgniter\Session\Handlers\FileHandler' driver.
INFO - 2023-08-19 07:28:24 --> Session: Class initialized using 'CodeIgniter\Session\Handlers\FileHandler' driver.
INFO - 2023-08-19 07:28:25 --> Session: Class initialized using 'CodeIgniter\Session\Handlers\FileHandler' driver.
INFO - 2023-08-19 07:28:35 --> Session: Class initialized using 'CodeIgniter\Session\Handlers\FileHandler' driver.
INFO - 2023-08-19 07:28:37 --> Session: Class initialized using 'CodeIgniter\Session\Handlers\FileHandler' driver.
INFO - 2023-08-19 07:28:40 --> Session: Class initialized using 'CodeIgniter\Session\Handlers\FileHandler' driver.
INFO - 2023-08-19 07:28:56 --> Session: Class initialized using 'CodeIgniter\Session\Handlers\FileHandler' driver.
INFO - 2023-08-19 07:28:57 --> Session: Class initialized using 'CodeIgniter\Session\Handlers\FileHandler' driver.
INFO - 2023-08-19 07:28:58 --> Session: Class initialized using 'CodeIgniter\Session\Handlers\FileHandler' driver.
INFO - 2023-08-19 07:29:00 --> Session: Class initialized using 'CodeIgniter\Session\Handlers\FileHandler' driver.
INFO - 2023-08-19 07:29:01 --> Session: Class initialized using 'CodeIgniter\Session\Handlers\FileHandler' driver.
INFO - 2023-08-19 07:29:02 --> Session: Class initialized using 'CodeIgniter\Session\Handlers\FileHandler' driver.
INFO - 2023-08-19 07:29:08 --> Session: Class initialized using 'CodeIgniter\Session\Handlers\FileHandler' driver.
CRITICAL - 2023-08-19 07:29:08 --> Call to undefined method App\Models\LogPinjamKembaliModel::saveLog
in SYSTEMPATH\Model.php on line 842.
 1 APPPATH\Controllers\Pinjamkembali.php(107): CodeIgniter\Model->__call('saveLog', [...])
 2 SYSTEMPATH\CodeIgniter.php(934): App\Controllers\PinjamKembali->peminjaman()
 3 SYSTEMPATH\CodeIgniter.php(499): CodeIgniter\CodeIgniter->runController(Object(App\Controllers\PinjamKembali))
 4 SYSTEMPATH\CodeIgniter.php(368): CodeIgniter\CodeIgniter->handleRequest(null, Object(Config\Cache), false)
 5 FCPATH\index.php(67): CodeIgniter\CodeIgniter->run()
 6 SYSTEMPATH\Commands\Server\rewrite.php(47): require_once('D:\\xampp\\htdocs\\CI\\public\\index.php')
INFO - 2023-08-19 07:29:56 --> Session: Class initialized using 'CodeIgniter\Session\Handlers\FileHandler' driver.
INFO - 2023-08-19 07:29:58 --> Session: Class initialized using 'CodeIgniter\Session\Handlers\FileHandler' driver.
INFO - 2023-08-19 07:29:59 --> Session: Class initialized using 'CodeIgniter\Session\Handlers\FileHandler' driver.
INFO - 2023-08-19 07:30:00 --> Session: Class initialized using 'CodeIgniter\Session\Handlers\FileHandler' driver.
INFO - 2023-08-19 07:30:07 --> Session: Class initialized using 'CodeIgniter\Session\Handlers\FileHandler' driver.
INFO - 2023-08-19 07:30:09 --> Session: Class initialized using 'CodeIgniter\Session\Handlers\FileHandler' driver.
INFO - 2023-08-19 07:30:10 --> Session: Class initialized using 'CodeIgniter\Session\Handlers\FileHandler' driver.
ERROR - 2023-08-19 07:30:10 --> mysqli_sql_exception: Unknown column 'id_anggota' in 'field list' in D:\xampp\htdocs\CI\system\Database\MySQLi\Connection.php:295
Stack trace:
#0 D:\xampp\htdocs\CI\system\Database\MySQLi\Connection.php(295): mysqli->query('INSERT INTO `lo...', 0)
#1 D:\xampp\htdocs\CI\system\Database\BaseConnection.php(691): CodeIgniter\Database\MySQLi\Connection->execute('INSERT INTO `lo...')
#2 D:\xampp\htdocs\CI\system\Database\BaseConnection.php(605): CodeIgniter\Database\BaseConnection->simpleQuery('INSERT INTO `lo...')
#3 D:\xampp\htdocs\CI\system\Database\BaseBuilder.php(2309): CodeIgniter\Database\BaseConnection->query('INSERT INTO `lo...', Array, false)
#4 D:\xampp\htdocs\CI\system\Model.php(330): CodeIgniter\Database\BaseBuilder->insert()
#5 D:\xampp\htdocs\CI\system\BaseModel.php(782): CodeIgniter\Model->doInsert(Array)
#6 D:\xampp\htdocs\CI\system\Model.php(730): CodeIgniter\BaseModel->insert(Array, true)
#7 D:\xampp\htdocs\CI\app\Models\logpinjamkembaliModel.php(23): CodeIgniter\Model->insert(Array)
#8 D:\xampp\htdocs\CI\app\Controllers\Pinjamkembali.php(107): App\Models\LogPinjamKembaliModel->saveLog(Array)
#9 D:\xampp\htdocs\CI\system\CodeIgniter.php(934): App\Controllers\PinjamKembali->peminjaman()
#10 D:\xampp\htdocs\CI\system\CodeIgniter.php(499): CodeIgniter\CodeIgniter->runController(Object(App\Controllers\PinjamKembali))
#11 D:\xampp\htdocs\CI\system\CodeIgniter.php(368): CodeIgniter\CodeIgniter->handleRequest(NULL, Object(Config\Cache), false)
#12 D:\xampp\htdocs\CI\public\index.php(67): CodeIgniter\CodeIgniter->run()
#13 D:\xampp\htdocs\CI\system\Commands\Server\rewrite.php(47): require_once('D:\\xampp\\htdocs...')
#14 {main}
CRITICAL - 2023-08-19 07:30:10 --> Unknown column 'id_anggota' in 'field list'
in SYSTEMPATH\Database\MySQLi\Connection.php on line 295.
 1 SYSTEMPATH\Database\MySQLi\Connection.php(295): mysqli->query('INSERT INTO `logpinjamkembali` (`isbn`, `judul`, `id_anggota`, `nama`, `kelas`, `tanggal_pinjam`, `tanggal_kembali`, `status`, `tgl_dibuat`) VALUES (\'ISBN 978-602-8519-93-5\', \'Kimia\', \'12\', \'Fredly Evendy\', \'9E\', \'2023-08-19\', \'2023-08-25\', \'peminjaman\', \'2023-08-19\')', 0)
 2 SYSTEMPATH\Database\BaseConnection.php(691): CodeIgniter\Database\MySQLi\Connection->execute('INSERT INTO `logpinjamkembali` (`isbn`, `judul`, `id_anggota`, `nama`, `kelas`, `tanggal_pinjam`, `tanggal_kembali`, `status`, `tgl_dibuat`) VALUES (\'ISBN 978-602-8519-93-5\', \'Kimia\', \'12\', \'Fredly Evendy\', \'9E\', \'2023-08-19\', \'2023-08-25\', \'peminjaman\', \'2023-08-19\')')
 3 SYSTEMPATH\Database\BaseConnection.php(605): CodeIgniter\Database\BaseConnection->simpleQuery('INSERT INTO `logpinjamkembali` (`isbn`, `judul`, `id_anggota`, `nama`, `kelas`, `tanggal_pinjam`, `tanggal_kembali`, `status`, `tgl_dibuat`) VALUES (\'ISBN 978-602-8519-93-5\', \'Kimia\', \'12\', \'Fredly Evendy\', \'9E\', \'2023-08-19\', \'2023-08-25\', \'peminjaman\', \'2023-08-19\')')
 4 SYSTEMPATH\Database\BaseBuilder.php(2309): CodeIgniter\Database\BaseConnection->query('INSERT INTO `logpinjamkembali` (`isbn`, `judul`, `id_anggota`, `nama`, `kelas`, `tanggal_pinjam`, `tanggal_kembali`, `status`, `tgl_dibuat`) VALUES (:isbn:, :judul:, :id_anggota:, :nama:, :kelas:, :tanggal_pinjam:, :tanggal_kembali:, :status:, :tgl_dibuat:)', [...], false)
 5 SYSTEMPATH\Model.php(330): CodeIgniter\Database\BaseBuilder->insert()
 6 SYSTEMPATH\BaseModel.php(782): CodeIgniter\Model->doInsert([...])
 7 SYSTEMPATH\Model.php(730): CodeIgniter\BaseModel->insert([...], true)
 8 APPPATH\Models\logpinjamkembaliModel.php(23): CodeIgniter\Model->insert([...])
 9 APPPATH\Controllers\Pinjamkembali.php(107): App\Models\LogPinjamKembaliModel->saveLog([...])
10 SYSTEMPATH\CodeIgniter.php(934): App\Controllers\PinjamKembali->peminjaman()
11 SYSTEMPATH\CodeIgniter.php(499): CodeIgniter\CodeIgniter->runController(Object(App\Controllers\PinjamKembali))
12 SYSTEMPATH\CodeIgniter.php(368): CodeIgniter\CodeIgniter->handleRequest(null, Object(Config\Cache), false)
13 FCPATH\index.php(67): CodeIgniter\CodeIgniter->run()
14 SYSTEMPATH\Commands\Server\rewrite.php(47): require_once('D:\\xampp\\htdocs\\CI\\public\\index.php')
INFO - 2023-08-19 07:30:54 --> Session: Class initialized using 'CodeIgniter\Session\Handlers\FileHandler' driver.
INFO - 2023-08-19 07:30:55 --> Session: Class initialized using 'CodeIgniter\Session\Handlers\FileHandler' driver.
INFO - 2023-08-19 07:30:57 --> Session: Class initialized using 'CodeIgniter\Session\Handlers\FileHandler' driver.
INFO - 2023-08-19 07:30:58 --> Session: Class initialized using 'CodeIgniter\Session\Handlers\FileHandler' driver.
ERROR - 2023-08-19 07:30:58 --> mysqli_sql_exception: Unknown column 'tanggal_pinjam' in 'field list' in D:\xampp\htdocs\CI\system\Database\MySQLi\Connection.php:295
Stack trace:
#0 D:\xampp\htdocs\CI\system\Database\MySQLi\Connection.php(295): mysqli->query('INSERT INTO `lo...', 0)
#1 D:\xampp\htdocs\CI\system\Database\BaseConnection.php(691): CodeIgniter\Database\MySQLi\Connection->execute('INSERT INTO `lo...')
#2 D:\xampp\htdocs\CI\system\Database\BaseConnection.php(605): CodeIgniter\Database\BaseConnection->simpleQuery('INSERT INTO `lo...')
#3 D:\xampp\htdocs\CI\system\Database\BaseBuilder.php(2309): CodeIgniter\Database\BaseConnection->query('INSERT INTO `lo...', Array, false)
#4 D:\xampp\htdocs\CI\system\Model.php(330): CodeIgniter\Database\BaseBuilder->insert()
#5 D:\xampp\htdocs\CI\system\BaseModel.php(782): CodeIgniter\Model->doInsert(Array)
#6 D:\xampp\htdocs\CI\system\Model.php(730): CodeIgniter\BaseModel->insert(Array, true)
#7 D:\xampp\htdocs\CI\app\Models\logpinjamkembaliModel.php(23): CodeIgniter\Model->insert(Array)
#8 D:\xampp\htdocs\CI\app\Controllers\Pinjamkembali.php(107): App\Models\LogPinjamKembaliModel->saveLog(Array)
#9 D:\xampp\htdocs\CI\system\CodeIgniter.php(934): App\Controllers\PinjamKembali->peminjaman()
#10 D:\xampp\htdocs\CI\system\CodeIgniter.php(499): CodeIgniter\CodeIgniter->runController(Object(App\Controllers\PinjamKembali))
#11 D:\xampp\htdocs\CI\system\CodeIgniter.php(368): CodeIgniter\CodeIgniter->handleRequest(NULL, Object(Config\Cache), false)
#12 D:\xampp\htdocs\CI\public\index.php(67): CodeIgniter\CodeIgniter->run()
#13 D:\xampp\htdocs\CI\system\Commands\Server\rewrite.php(47): require_once('D:\\xampp\\htdocs...')
#14 {main}
CRITICAL - 2023-08-19 07:30:58 --> Unknown column 'tanggal_pinjam' in 'field list'
in SYSTEMPATH\Database\MySQLi\Connection.php on line 295.
 1 SYSTEMPATH\Database\MySQLi\Connection.php(295): mysqli->query('INSERT INTO `logpinjamkembali` (`isbn`, `judul`, `nama`, `kelas`, `tanggal_pinjam`, `tanggal_kembali`, `status`, `tgl_dibuat`) VALUES (\'ISBN 978-602-8519-93-3\', \'Matematika\', \'Bayu Setiawan\', \'9E\', \'2023-08-19\', \'2023-08-25\', \'peminjaman\', \'2023-08-19\')', 0)
 2 SYSTEMPATH\Database\BaseConnection.php(691): CodeIgniter\Database\MySQLi\Connection->execute('INSERT INTO `logpinjamkembali` (`isbn`, `judul`, `nama`, `kelas`, `tanggal_pinjam`, `tanggal_kembali`, `status`, `tgl_dibuat`) VALUES (\'ISBN 978-602-8519-93-3\', \'Matematika\', \'Bayu Setiawan\', \'9E\', \'2023-08-19\', \'2023-08-25\', \'peminjaman\', \'2023-08-19\')')
 3 SYSTEMPATH\Database\BaseConnection.php(605): CodeIgniter\Database\BaseConnection->simpleQuery('INSERT INTO `logpinjamkembali` (`isbn`, `judul`, `nama`, `kelas`, `tanggal_pinjam`, `tanggal_kembali`, `status`, `tgl_dibuat`) VALUES (\'ISBN 978-602-8519-93-3\', \'Matematika\', \'Bayu Setiawan\', \'9E\', \'2023-08-19\', \'2023-08-25\', \'peminjaman\', \'2023-08-19\')')
 4 SYSTEMPATH\Database\BaseBuilder.php(2309): CodeIgniter\Database\BaseConnection->query('INSERT INTO `logpinjamkembali` (`isbn`, `judul`, `nama`, `kelas`, `tanggal_pinjam`, `tanggal_kembali`, `status`, `tgl_dibuat`) VALUES (:isbn:, :judul:, :nama:, :kelas:, :tanggal_pinjam:, :tanggal_kembali:, :status:, :tgl_dibuat:)', [...], false)
 5 SYSTEMPATH\Model.php(330): CodeIgniter\Database\BaseBuilder->insert()
 6 SYSTEMPATH\BaseModel.php(782): CodeIgniter\Model->doInsert([...])
 7 SYSTEMPATH\Model.php(730): CodeIgniter\BaseModel->insert([...], true)
 8 APPPATH\Models\logpinjamkembaliModel.php(23): CodeIgniter\Model->insert([...])
 9 APPPATH\Controllers\Pinjamkembali.php(107): App\Models\LogPinjamKembaliModel->saveLog([...])
10 SYSTEMPATH\CodeIgniter.php(934): App\Controllers\PinjamKembali->peminjaman()
11 SYSTEMPATH\CodeIgniter.php(499): CodeIgniter\CodeIgniter->runController(Object(App\Controllers\PinjamKembali))
12 SYSTEMPATH\CodeIgniter.php(368): CodeIgniter\CodeIgniter->handleRequest(null, Object(Config\Cache), false)
13 FCPATH\index.php(67): CodeIgniter\CodeIgniter->run()
14 SYSTEMPATH\Commands\Server\rewrite.php(47): require_once('D:\\xampp\\htdocs\\CI\\public\\index.php')
INFO - 2023-08-19 07:31:16 --> Session: Class initialized using 'CodeIgniter\Session\Handlers\FileHandler' driver.
INFO - 2023-08-19 07:31:17 --> Session: Class initialized using 'CodeIgniter\Session\Handlers\FileHandler' driver.
INFO - 2023-08-19 07:31:18 --> Session: Class initialized using 'CodeIgniter\Session\Handlers\FileHandler' driver.
INFO - 2023-08-19 07:31:20 --> Session: Class initialized using 'CodeIgniter\Session\Handlers\FileHandler' driver.
ERROR - 2023-08-19 07:31:20 --> mysqli_sql_exception: Unknown column 'status' in 'field list' in D:\xampp\htdocs\CI\system\Database\MySQLi\Connection.php:295
Stack trace:
#0 D:\xampp\htdocs\CI\system\Database\MySQLi\Connection.php(295): mysqli->query('INSERT INTO `lo...', 0)
#1 D:\xampp\htdocs\CI\system\Database\BaseConnection.php(691): CodeIgniter\Database\MySQLi\Connection->execute('INSERT INTO `lo...')
#2 D:\xampp\htdocs\CI\system\Database\BaseConnection.php(605): CodeIgniter\Database\BaseConnection->simpleQuery('INSERT INTO `lo...')
#3 D:\xampp\htdocs\CI\system\Database\BaseBuilder.php(2309): CodeIgniter\Database\BaseConnection->query('INSERT INTO `lo...', Array, false)
#4 D:\xampp\htdocs\CI\system\Model.php(330): CodeIgniter\Database\BaseBuilder->insert()
#5 D:\xampp\htdocs\CI\system\BaseModel.php(782): CodeIgniter\Model->doInsert(Array)
#6 D:\xampp\htdocs\CI\system\Model.php(730): CodeIgniter\BaseModel->insert(Array, true)
#7 D:\xampp\htdocs\CI\app\Models\logpinjamkembaliModel.php(23): CodeIgniter\Model->insert(Array)
#8 D:\xampp\htdocs\CI\app\Controllers\Pinjamkembali.php(107): App\Models\LogPinjamKembaliModel->saveLog(Array)
#9 D:\xampp\htdocs\CI\system\CodeIgniter.php(934): App\Controllers\PinjamKembali->peminjaman()
#10 D:\xampp\htdocs\CI\system\CodeIgniter.php(499): CodeIgniter\CodeIgniter->runController(Object(App\Controllers\PinjamKembali))
#11 D:\xampp\htdocs\CI\system\CodeIgniter.php(368): CodeIgniter\CodeIgniter->handleRequest(NULL, Object(Config\Cache), false)
#12 D:\xampp\htdocs\CI\public\index.php(67): CodeIgniter\CodeIgniter->run()
#13 D:\xampp\htdocs\CI\system\Commands\Server\rewrite.php(47): require_once('D:\\xampp\\htdocs...')
#14 {main}
CRITICAL - 2023-08-19 07:31:20 --> Unknown column 'status' in 'field list'
in SYSTEMPATH\Database\MySQLi\Connection.php on line 295.
 1 SYSTEMPATH\Database\MySQLi\Connection.php(295): mysqli->query('INSERT INTO `logpinjamkembali` (`isbn`, `judul`, `nama`, `kelas`, `status`, `tgl_dibuat`) VALUES (\'ISBN 978-602-8519-93-4\', \'Seni Budaya\', \'Andika Setiawan\', \'9D\', \'peminjaman\', \'2023-08-19\')', 0)
 2 SYSTEMPATH\Database\BaseConnection.php(691): CodeIgniter\Database\MySQLi\Connection->execute('INSERT INTO `logpinjamkembali` (`isbn`, `judul`, `nama`, `kelas`, `status`, `tgl_dibuat`) VALUES (\'ISBN 978-602-8519-93-4\', \'Seni Budaya\', \'Andika Setiawan\', \'9D\', \'peminjaman\', \'2023-08-19\')')
 3 SYSTEMPATH\Database\BaseConnection.php(605): CodeIgniter\Database\BaseConnection->simpleQuery('INSERT INTO `logpinjamkembali` (`isbn`, `judul`, `nama`, `kelas`, `status`, `tgl_dibuat`) VALUES (\'ISBN 978-602-8519-93-4\', \'Seni Budaya\', \'Andika Setiawan\', \'9D\', \'peminjaman\', \'2023-08-19\')')
 4 SYSTEMPATH\Database\BaseBuilder.php(2309): CodeIgniter\Database\BaseConnection->query('INSERT INTO `logpinjamkembali` (`isbn`, `judul`, `nama`, `kelas`, `status`, `tgl_dibuat`) VALUES (:isbn:, :judul:, :nama:, :kelas:, :status:, :tgl_dibuat:)', [...], false)
 5 SYSTEMPATH\Model.php(330): CodeIgniter\Database\BaseBuilder->insert()
 6 SYSTEMPATH\BaseModel.php(782): CodeIgniter\Model->doInsert([...])
 7 SYSTEMPATH\Model.php(730): CodeIgniter\BaseModel->insert([...], true)
 8 APPPATH\Models\logpinjamkembaliModel.php(23): CodeIgniter\Model->insert([...])
 9 APPPATH\Controllers\Pinjamkembali.php(107): App\Models\LogPinjamKembaliModel->saveLog([...])
10 SYSTEMPATH\CodeIgniter.php(934): App\Controllers\PinjamKembali->peminjaman()
11 SYSTEMPATH\CodeIgniter.php(499): CodeIgniter\CodeIgniter->runController(Object(App\Controllers\PinjamKembali))
12 SYSTEMPATH\CodeIgniter.php(368): CodeIgniter\CodeIgniter->handleRequest(null, Object(Config\Cache), false)
13 FCPATH\index.php(67): CodeIgniter\CodeIgniter->run()
14 SYSTEMPATH\Commands\Server\rewrite.php(47): require_once('D:\\xampp\\htdocs\\CI\\public\\index.php')
INFO - 2023-08-19 07:31:50 --> Session: Class initialized using 'CodeIgniter\Session\Handlers\FileHandler' driver.
INFO - 2023-08-19 07:31:51 --> Session: Class initialized using 'CodeIgniter\Session\Handlers\FileHandler' driver.
INFO - 2023-08-19 07:31:52 --> Session: Class initialized using 'CodeIgniter\Session\Handlers\FileHandler' driver.
INFO - 2023-08-19 07:31:56 --> Session: Class initialized using 'CodeIgniter\Session\Handlers\FileHandler' driver.
INFO - 2023-08-19 07:31:56 --> Session: Class initialized using 'CodeIgniter\Session\Handlers\FileHandler' driver.
INFO - 2023-08-19 07:31:58 --> Session: Class initialized using 'CodeIgniter\Session\Handlers\FileHandler' driver.
CRITICAL - 2023-08-19 07:31:58 --> Undefined array key "status"
in APPPATH\Views\logpinjamkembali\index.php on line 49.
 1 APPPATH\Views\logpinjamkembali\index.php(49): CodeIgniter\Debug\Exceptions->errorHandler(2, 'Undefined array key "status"', 'D:\\xampp\\htdocs\\CI\\app\\Views\\logpinjamkembali\\index.php', 49)
 2 SYSTEMPATH\View\View.php(213): include('D:\\xampp\\htdocs\\CI\\app\\Views\\logpinjamkembali\\index.php')
 3 SYSTEMPATH\View\View.php(216): CodeIgniter\View\View->CodeIgniter\View\{closure}()
 4 SYSTEMPATH\Common.php(1184): CodeIgniter\View\View->render('logpinjamkembali/index', [], true)
 5 APPPATH\Controllers\Logpinjamkembali.php(43): view('logpinjamkembali/index', [...])
 6 SYSTEMPATH\CodeIgniter.php(934): App\Controllers\LogpinjamKembali->index()
 7 SYSTEMPATH\CodeIgniter.php(499): CodeIgniter\CodeIgniter->runController(Object(App\Controllers\LogpinjamKembali))
 8 SYSTEMPATH\CodeIgniter.php(368): CodeIgniter\CodeIgniter->handleRequest(null, Object(Config\Cache), false)
 9 FCPATH\index.php(67): CodeIgniter\CodeIgniter->run()
10 SYSTEMPATH\Commands\Server\rewrite.php(47): require_once('D:\\xampp\\htdocs\\CI\\public\\index.php')
INFO - 2023-08-19 07:32:14 --> Session: Class initialized using 'CodeIgniter\Session\Handlers\FileHandler' driver.
INFO - 2023-08-19 07:33:00 --> Session: Class initialized using 'CodeIgniter\Session\Handlers\FileHandler' driver.
INFO - 2023-08-19 07:43:54 --> Session: Class initialized using 'CodeIgniter\Session\Handlers\FileHandler' driver.
INFO - 2023-08-19 07:44:07 --> Session: Class initialized using 'CodeIgniter\Session\Handlers\FileHandler' driver.
INFO - 2023-08-19 07:44:09 --> Session: Class initialized using 'CodeIgniter\Session\Handlers\FileHandler' driver.
INFO - 2023-08-19 07:44:10 --> Session: Class initialized using 'CodeIgniter\Session\Handlers\FileHandler' driver.
INFO - 2023-08-19 07:44:11 --> Session: Class initialized using 'CodeIgniter\Session\Handlers\FileHandler' driver.
INFO - 2023-08-19 07:44:21 --> Session: Class initialized using 'CodeIgniter\Session\Handlers\FileHandler' driver.
INFO - 2023-08-19 07:44:22 --> Session: Class initialized using 'CodeIgniter\Session\Handlers\FileHandler' driver.
INFO - 2023-08-19 07:44:22 --> Session: Class initialized using 'CodeIgniter\Session\Handlers\FileHandler' driver.
INFO - 2023-08-19 07:44:27 --> Session: Class initialized using 'CodeIgniter\Session\Handlers\FileHandler' driver.
